This file contains any messages produced by compilers while
running configure, to aid debugging if configure makes a mistake.

It was created by configure, which was
generated by GNU Autoconf 2.63.  Invocation command line was

  $ ./configure 

## --------- ##
## Platform. ##
## --------- ##

hostname = Troy-Garcias-iMac.local
uname -m = x86_64
uname -r = 15.6.0
uname -s = Darwin
uname -v = Darwin Kernel Version 15.6.0: Thu Jun 21 20:07:40 PDT 2018; root:xnu-3248.73.11~1/RELEASE_X86_64

/usr/bin/uname -p = i386
/bin/uname -X     = unknown

/bin/arch              = unknown
/usr/bin/arch -k       = unknown
/usr/convex/getsysinfo = unknown
/usr/bin/hostinfo      = Mach kernel version:
	 Darwin Kernel Version 15.6.0: Thu Jun 21 20:07:40 PDT 2018; root:xnu-3248.73.11~1/RELEASE_X86_64
Kernel configured for up to 2 processors.
2 processors are physically available.
2 processors are logically available.
Processor type: i486 (Intel 80486)
Processors active: 0 1
Primary memory available: 4.00 gigabytes
Default processor set: 228 tasks, 1230 threads, 2 processors
Load average: 1.79, Mach factor: 0.45
/bin/machine           = unknown
/usr/bin/oslevel       = unknown
/bin/universe          = unknown

PATH: /Users/Sheena/anaconda3/envs/shootthefish/bin
PATH: /Users/Sheena/anaconda3/bin
PATH: /usr/bin
PATH: /bin
PATH: /usr/sbin
PATH: /sbin
PATH: /usr/local/bin


## ----------- ##
## Core tests. ##
## ----------- ##

configure:2106: WARNING: Libtool does not cope well with whitespace in `pwd`
configure:2166: checking build system type
configure:2184: result: x86_64-apple-darwin15.6.0
configure:2206: checking host system type
configure:2221: result: x86_64-apple-darwin15.6.0
configure:2291: checking for gcc
configure:2307: found /usr/bin/gcc
configure:2318: result: gcc
configure:2550: checking for C compiler version
configure:2558: gcc --version >&5
Configured with: --prefix=/Library/Developer/CommandLineTools/usr --with-gxx-include-dir=/usr/include/c++/4.2.1
Apple LLVM version 8.0.0 (clang-800.0.42.1)
Target: x86_64-apple-darwin15.6.0
Thread model: posix
InstalledDir: /Library/Developer/CommandLineTools/usr/bin
configure:2562: $? = 0
configure:2569: gcc -v >&5
Configured with: --prefix=/Library/Developer/CommandLineTools/usr --with-gxx-include-dir=/usr/include/c++/4.2.1
Apple LLVM version 8.0.0 (clang-800.0.42.1)
Target: x86_64-apple-darwin15.6.0
Thread model: posix
InstalledDir: /Library/Developer/CommandLineTools/usr/bin
configure:2573: $? = 0
configure:2580: gcc -V >&5
clang: error: argument to '-V' is missing (expected 1 value)
clang: error: no input files
configure:2584: $? = 1
configure:2607: checking for C compiler default output file name
configure:2629: gcc    conftest.c  >&5
configure:2633: $? = 0
configure:2671: result: a.out
configure:2690: checking whether the C compiler works
configure:2700: ./a.out
configure:2704: $? = 0
configure:2723: result: yes
configure:2730: checking whether we are cross compiling
configure:2732: result: no
configure:2735: checking for suffix of executables
configure:2742: gcc -o conftest    conftest.c  >&5
configure:2746: $? = 0
configure:2772: result: 
configure:2778: checking for suffix of object files
configure:2804: gcc -c   conftest.c >&5
configure:2808: $? = 0
configure:2833: result: o
configure:2837: checking whether we are using the GNU C compiler
configure:2866: gcc -c   conftest.c >&5
configure:2873: $? = 0
configure:2890: result: yes
configure:2899: checking whether gcc accepts -g
configure:2929: gcc -c -g  conftest.c >&5
configure:2936: $? = 0
configure:3037: result: yes
configure:3054: checking for gcc option to accept ISO C89
configure:3128: gcc  -c -g -O2  conftest.c >&5
configure:3135: $? = 0
configure:3158: result: none needed
configure:3176: checking for a sed that does not truncate output
configure:3242: result: /usr/bin/sed
configure:3260: checking for grep that handles long lines and -e
configure:3320: result: /usr/bin/grep
configure:3325: checking for egrep
configure:3389: result: /usr/bin/grep -E
configure:3394: checking for fgrep
configure:3458: result: /usr/bin/grep -F
configure:3493: checking for ld used by gcc
configure:3560: result: /Library/Developer/CommandLineTools/usr/bin/ld
configure:3569: checking if the linker (/Library/Developer/CommandLineTools/usr/bin/ld) is GNU ld
configure:3584: result: no
configure:3596: checking for BSD- or MS-compatible name lister (nm)
configure:3645: result: /usr/bin/nm -B
configure:3763: checking the name lister (/usr/bin/nm -B) interface
configure:3770: gcc -c -g -O2  conftest.c >&5
configure:3773: /usr/bin/nm -B "conftest.o"
configure:3776: output
000000000000020c S _some_variable
configure:3783: result: BSD nm
configure:3786: checking whether ln -s works
configure:3790: result: yes
configure:3798: checking the maximum length of command line arguments
configure:3924: result: 196608
configure:3941: checking whether the shell understands some XSI constructs
configure:3951: result: yes
configure:3955: checking whether the shell understands "+="
configure:3961: result: yes
configure:3996: checking for /Library/Developer/CommandLineTools/usr/bin/ld option to reload object files
configure:4003: result: -r
configure:4072: checking for objdump
configure:4102: result: no
configure:4128: checking how to recognize dependent libraries
configure:4326: result: pass_all
configure:4386: checking for ar
configure:4402: found /usr/bin/ar
configure:4413: result: ar
configure:4491: checking for strip
configure:4507: found /usr/bin/strip
configure:4518: result: strip
configure:4590: checking for ranlib
configure:4606: found /usr/bin/ranlib
configure:4617: result: ranlib
configure:4707: checking command to parse /usr/bin/nm -B output from gcc object
configure:4825: gcc -c -g -O2  conftest.c >&5
configure:4828: $? = 0
configure:4832: /usr/bin/nm -B conftest.o \| sed -n -e 's/^.*[	 ]\([BCDEGRST][BCDEGRST]*\)[	 ][	 ]*\([_A-Za-z][_A-Za-z0-9]*\)$/\1 \2 \2/p' \> conftest.nm
configure:4835: $? = 0
cannot find nm_test_var in conftest.nm
configure:4825: gcc -c -g -O2  conftest.c >&5
configure:4828: $? = 0
configure:4832: /usr/bin/nm -B conftest.o \| sed -n -e 's/^.*[	 ]\([BCDEGRST][BCDEGRST]*\)[	 ][	 ]*_\([_A-Za-z][_A-Za-z0-9]*\)$/\1 _\2 \2/p' \> conftest.nm
configure:4835: $? = 0
configure:4889: gcc -o conftest -g -O2   conftest.c conftstm.o >&5
warning: (x86_64)  could not find object file symbol for symbol _main
configure:4892: $? = 0
configure:4930: result: ok
configure:5224: checking for dsymutil
configure:5240: found /usr/bin/dsymutil
configure:5251: result: dsymutil
configure:5316: checking for nmedit
configure:5332: found /usr/bin/nmedit
configure:5343: result: nmedit
configure:5408: checking for lipo
configure:5424: found /usr/bin/lipo
configure:5435: result: lipo
configure:5500: checking for otool
configure:5516: found /usr/bin/otool
configure:5527: result: otool
configure:5592: checking for otool64
configure:5622: result: no
configure:5667: checking for -single_module linker flag
gcc -g -O2  -o libconftest.dylib -dynamiclib -Wl,-single_module conftest.c
configure:5694: result: yes
configure:5696: checking for -exported_symbols_list linker flag
configure:5726: gcc -o conftest -g -O2   -Wl,-exported_symbols_list,conftest.sym conftest.c  >&5
configure:5733: $? = 0
configure:5755: result: yes
configure:5797: checking how to run the C preprocessor
configure:5837: gcc -E  conftest.c
configure:5844: $? = 0
configure:5875: gcc -E  conftest.c
conftest.c:8:10: fatal error: 'ac_nonexistent.h' file not found
#include <ac_nonexistent.h>
         ^
1 error generated.
configure:5882: $? = 1
configure: failed program was:
| /* confdefs.h.  */
| #define PACKAGE_NAME ""
| #define PACKAGE_TARNAME ""
| #define PACKAGE_VERSION ""
| #define PACKAGE_STRING ""
| #define PACKAGE_BUGREPORT ""
| /* end confdefs.h.  */
| #include <ac_nonexistent.h>
configure:5915: result: gcc -E
configure:5944: gcc -E  conftest.c
configure:5951: $? = 0
configure:5982: gcc -E  conftest.c
conftest.c:8:10: fatal error: 'ac_nonexistent.h' file not found
#include <ac_nonexistent.h>
         ^
1 error generated.
configure:5989: $? = 1
configure: failed program was:
| /* confdefs.h.  */
| #define PACKAGE_NAME ""
| #define PACKAGE_TARNAME ""
| #define PACKAGE_VERSION ""
| #define PACKAGE_STRING ""
| #define PACKAGE_BUGREPORT ""
| /* end confdefs.h.  */
| #include <ac_nonexistent.h>
configure:6029: checking for ANSI C header files
configure:6059: gcc -c -g -O2  conftest.c >&5
configure:6066: $? = 0
configure:6165: gcc -o conftest -g -O2   conftest.c  >&5
configure:6169: $? = 0
configure:6175: ./conftest
configure:6179: $? = 0
configure:6197: result: yes
configure:6221: checking for sys/types.h
configure:6242: gcc -c -g -O2  conftest.c >&5
configure:6249: $? = 0
configure:6266: result: yes
configure:6221: checking for sys/stat.h
configure:6242: gcc -c -g -O2  conftest.c >&5
configure:6249: $? = 0
configure:6266: result: yes
configure:6221: checking for stdlib.h
configure:6242: gcc -c -g -O2  conftest.c >&5
configure:6249: $? = 0
configure:6266: result: yes
configure:6221: checking for string.h
configure:6242: gcc -c -g -O2  conftest.c >&5
configure:6249: $? = 0
configure:6266: result: yes
configure:6221: checking for memory.h
configure:6242: gcc -c -g -O2  conftest.c >&5
configure:6249: $? = 0
configure:6266: result: yes
configure:6221: checking for strings.h
configure:6242: gcc -c -g -O2  conftest.c >&5
configure:6249: $? = 0
configure:6266: result: yes
configure:6221: checking for inttypes.h
configure:6242: gcc -c -g -O2  conftest.c >&5
configure:6249: $? = 0
configure:6266: result: yes
configure:6221: checking for stdint.h
configure:6242: gcc -c -g -O2  conftest.c >&5
configure:6249: $? = 0
configure:6266: result: yes
configure:6221: checking for unistd.h
configure:6242: gcc -c -g -O2  conftest.c >&5
configure:6249: $? = 0
configure:6266: result: yes
configure:6284: checking for dlfcn.h
configure:6305: gcc -c -g -O2  conftest.c >&5
configure:6312: $? = 0
configure:6329: result: yes
configure:6813: checking for objdir
configure:6828: result: .libs
configure:7124: checking if gcc supports -fno-rtti -fno-exceptions
configure:7142: gcc -c -g -O2  -fno-rtti -fno-exceptions conftest.c >&5
configure:7146: $? = 0
configure:7159: result: yes
configure:7179: checking for gcc option to produce PIC
configure:7451: result: -fno-common -DPIC
configure:7463: checking if gcc PIC flag -fno-common -DPIC works
configure:7481: gcc -c -g -O2  -fno-common -DPIC -DPIC conftest.c >&5
configure:7485: $? = 0
configure:7498: result: yes
configure:7522: checking if gcc static flag -static works
configure:7550: result: no
configure:7565: checking if gcc supports -c -o file.o
configure:7586: gcc -c -g -O2  -o out/conftest2.o conftest.c >&5
configure:7590: $? = 0
configure:7612: result: yes
configure:7620: checking if gcc supports -c -o file.o
configure:7667: result: yes
configure:7700: checking whether the gcc linker (/Library/Developer/CommandLineTools/usr/bin/ld) supports shared libraries
configure:8774: result: yes
configure:9013: checking dynamic linker characteristics
configure:9698: result: darwin15.6.0 dyld
configure:9800: checking how to hardcode library paths into programs
configure:9825: result: immediate
configure:10658: checking whether stripping libraries is possible
configure:10672: result: yes
configure:10698: checking if libtool supports shared libraries
configure:10700: result: yes
configure:10703: checking whether to build shared libraries
configure:10724: result: yes
configure:10727: checking whether to build static libraries
configure:10731: result: yes
configure:10777: checking host system type
configure:10792: result: x86_64-apple-darwin15.6.0
configure:10831: checking for a BSD-compatible install
configure:10899: result: /usr/bin/install -c
configure:10910: checking whether build environment is sane
configure:10970: result: yes
configure:11111: checking for a thread-safe mkdir -p
configure:11150: result: ./install-sh -c -d
configure:11163: checking for gawk
configure:11193: result: no
configure:11163: checking for mawk
configure:11193: result: no
configure:11163: checking for nawk
configure:11193: result: no
configure:11163: checking for awk
configure:11179: found /usr/bin/awk
configure:11190: result: awk
configure:11201: checking whether make sets $(MAKE)
configure:11223: result: yes
configure:11253: checking for style of include used by make
configure:11281: result: GNU
configure:11368: checking dependency style of gcc
configure:11478: result: gcc3
configure:11544: checking for gcc
configure:11571: result: gcc
configure:11803: checking for C compiler version
configure:11811: gcc --version >&5
Configured with: --prefix=/Library/Developer/CommandLineTools/usr --with-gxx-include-dir=/usr/include/c++/4.2.1
Apple LLVM version 8.0.0 (clang-800.0.42.1)
Target: x86_64-apple-darwin15.6.0
Thread model: posix
InstalledDir: /Library/Developer/CommandLineTools/usr/bin
configure:11815: $? = 0
configure:11822: gcc -v >&5
Configured with: --prefix=/Library/Developer/CommandLineTools/usr --with-gxx-include-dir=/usr/include/c++/4.2.1
Apple LLVM version 8.0.0 (clang-800.0.42.1)
Target: x86_64-apple-darwin15.6.0
Thread model: posix
InstalledDir: /Library/Developer/CommandLineTools/usr/bin
configure:11826: $? = 0
configure:11833: gcc -V >&5
clang: error: argument to '-V' is missing (expected 1 value)
clang: error: no input files
configure:11837: $? = 1
configure:11840: checking whether we are using the GNU C compiler
configure:11893: result: yes
configure:11902: checking whether gcc accepts -g
configure:12040: result: yes
configure:12057: checking for gcc option to accept ISO C89
configure:12161: result: none needed
configure:12179: checking for inline
configure:12205: gcc -c -g -O2  conftest.c >&5
configure:12212: $? = 0
configure:12230: result: inline
configure:12263: checking for a BSD-compatible install
configure:12331: result: /usr/bin/install -c
configure:12342: checking whether make sets $(MAKE)
configure:12364: result: yes
configure:12382: checking for windres
configure:12412: result: no
configure:12382: checking for darwin15.6.0-windres
configure:12412: result: no
configure:12535: checking for pkg-config
configure:12553: found /usr/local/bin/pkg-config
configure:12565: result: /usr/local/bin/pkg-config
configure:12590: checking pkg-config is at least version 0.9.0
configure:12593: result: yes
configure:12631: checking for SDL
configure:12639: $PKG_CONFIG --exists --print-errors "sdl >= $min_sdl_version"
configure:12642: $? = 0
configure:12657: $PKG_CONFIG --exists --print-errors "sdl >= $min_sdl_version"
configure:12660: $? = 0
configure:12702: result: yes
configure:13132: checking jpeglib.h usability
configure:13149: gcc -c -g -O2 -D_GNU_SOURCE=1 -D_THREAD_SAFE -I/usr/local/include/SDL  conftest.c >&5
configure:13156: $? = 0
configure:13170: result: yes
configure:13174: checking jpeglib.h presence
configure:13189: gcc -E  conftest.c
configure:13196: $? = 0
configure:13210: result: yes
configure:13238: checking for jpeglib.h
configure:13245: result: yes
configure:13254: checking for jpeg_CreateDecompress in -ljpeg
configure:13289: gcc -o conftest -g -O2 -D_GNU_SOURCE=1 -D_THREAD_SAFE -I/usr/local/include/SDL   conftest.c -ljpeg   -L/usr/local/lib -lSDLmain -lSDL -Wl,-framework,Cocoa >&5
configure:13296: $? = 0
configure:13317: result: yes
configure:13360: checking for LIBPNG
configure:13368: $PKG_CONFIG --exists --print-errors "libpng"
configure:13371: $? = 0
configure:13386: $PKG_CONFIG --exists --print-errors "libpng"
configure:13389: $? = 0
configure:13827: result: yes
configure:13879: checking tiffio.h usability
configure:13896: gcc -c -I/usr/local/Cellar/libpng/1.6.35/include/libpng16 -g -O2 -D_GNU_SOURCE=1 -D_THREAD_SAFE -I/usr/local/include/SDL  conftest.c >&5
configure:13903: $? = 0
configure:13917: result: yes
configure:13921: checking tiffio.h presence
configure:13936: gcc -E  conftest.c
configure:13943: $? = 0
configure:13957: result: yes
configure:13985: checking for tiffio.h
configure:13992: result: yes
configure:14001: checking for TIFFClientOpen in -ltiff
configure:14036: gcc -o conftest -I/usr/local/Cellar/libpng/1.6.35/include/libpng16 -g -O2 -D_GNU_SOURCE=1 -D_THREAD_SAFE -I/usr/local/include/SDL   conftest.c -ltiff -lz -ljpeg  -L/usr/local/lib -lSDLmain -lSDL -Wl,-framework,Cocoa >&5
configure:14043: $? = 0
configure:14064: result: yes
configure:14374: creating ./config.status

## ---------------------- ##
## Running config.status. ##
## ---------------------- ##

This file was extended by config.status, which was
generated by GNU Autoconf 2.63.  Invocation command line was

  CONFIG_FILES    = 
  CONFIG_HEADERS  = 
  CONFIG_LINKS    = 
  CONFIG_COMMANDS = 
  $ ./config.status 

on Troy-Garcias-iMac.local

config.status:928: creating Makefile
config.status:928: creating SDL_image.spec
config.status:928: creating SDL_image.pc
config.status:1139: executing libtool commands
config.status:1139: executing depfiles commands

## ---------------- ##
## Cache variables. ##
## ---------------- ##

ac_cv_build=x86_64-apple-darwin15.6.0
ac_cv_c_compiler_gnu=yes
ac_cv_c_inline=inline
ac_cv_env_CC_set=
ac_cv_env_CC_value=
ac_cv_env_CFLAGS_set=
ac_cv_env_CFLAGS_value=
ac_cv_env_CPPFLAGS_set=
ac_cv_env_CPPFLAGS_value=
ac_cv_env_CPP_set=
ac_cv_env_CPP_value=
ac_cv_env_LDFLAGS_set=
ac_cv_env_LDFLAGS_value=
ac_cv_env_LIBPNG_CFLAGS_set=
ac_cv_env_LIBPNG_CFLAGS_value=
ac_cv_env_LIBPNG_LIBS_set=
ac_cv_env_LIBPNG_LIBS_value=
ac_cv_env_LIBS_set=
ac_cv_env_LIBS_value=
ac_cv_env_PKG_CONFIG_set=
ac_cv_env_PKG_CONFIG_value=
ac_cv_env_SDL_CFLAGS_set=
ac_cv_env_SDL_CFLAGS_value=
ac_cv_env_SDL_LIBS_set=
ac_cv_env_SDL_LIBS_value=
ac_cv_env_build_alias_set=
ac_cv_env_build_alias_value=
ac_cv_env_host_alias_set=
ac_cv_env_host_alias_value=
ac_cv_env_target_alias_set=
ac_cv_env_target_alias_value=
ac_cv_header_dlfcn_h=yes
ac_cv_header_inttypes_h=yes
ac_cv_header_jpeglib_h=yes
ac_cv_header_memory_h=yes
ac_cv_header_stdc=yes
ac_cv_header_stdint_h=yes
ac_cv_header_stdlib_h=yes
ac_cv_header_string_h=yes
ac_cv_header_strings_h=yes
ac_cv_header_sys_stat_h=yes
ac_cv_header_sys_types_h=yes
ac_cv_header_tiffio_h=yes
ac_cv_header_unistd_h=yes
ac_cv_host=x86_64-apple-darwin15.6.0
ac_cv_lib_jpeg_jpeg_CreateDecompress=yes
ac_cv_lib_tiff_TIFFClientOpen=yes
ac_cv_objext=o
ac_cv_path_EGREP='/usr/bin/grep -E'
ac_cv_path_FGREP='/usr/bin/grep -F'
ac_cv_path_GREP=/usr/bin/grep
ac_cv_path_SED=/usr/bin/sed
ac_cv_path_ac_pt_PKG_CONFIG=/usr/local/bin/pkg-config
ac_cv_path_install='/usr/bin/install -c'
ac_cv_prog_AWK=awk
ac_cv_prog_CPP='gcc -E'
ac_cv_prog_ac_ct_AR=ar
ac_cv_prog_ac_ct_CC=gcc
ac_cv_prog_ac_ct_DSYMUTIL=dsymutil
ac_cv_prog_ac_ct_LIPO=lipo
ac_cv_prog_ac_ct_NMEDIT=nmedit
ac_cv_prog_ac_ct_OTOOL=otool
ac_cv_prog_ac_ct_RANLIB=ranlib
ac_cv_prog_ac_ct_STRIP=strip
ac_cv_prog_cc_c89=
ac_cv_prog_cc_g=yes
ac_cv_prog_make_make_set=yes
am_cv_CC_dependencies_compiler_type=gcc3
lt_cv_apple_cc_single_mod=yes
lt_cv_deplibs_check_method=pass_all
lt_cv_file_magic_cmd='$MAGIC_CMD'
lt_cv_file_magic_test_file=
lt_cv_ld_exported_symbols_list=yes
lt_cv_ld_reload_flag=-r
lt_cv_nm_interface='BSD nm'
lt_cv_objdir=.libs
lt_cv_path_LD=/Library/Developer/CommandLineTools/usr/bin/ld
lt_cv_path_NM='/usr/bin/nm -B'
lt_cv_prog_compiler_c_o=yes
lt_cv_prog_compiler_pic_works=yes
lt_cv_prog_compiler_rtti_exceptions=yes
lt_cv_prog_compiler_static_works=no
lt_cv_prog_gnu_ld=no
lt_cv_sys_global_symbol_pipe='sed -n -e '\''s/^.*[	 ]\([BCDEGRST][BCDEGRST]*\)[	 ][	 ]*_\([_A-Za-z][_A-Za-z0-9]*\)$/\1 _\2 \2/p'\'''
lt_cv_sys_global_symbol_to_c_name_address='sed -n -e '\''s/^: \([^ ]*\) $/  {\"\1\", (void *) 0},/p'\'' -e '\''s/^[BCDEGRST]* \([^ ]*\) \([^ ]*\)$/  {"\2", (void *) \&\2},/p'\'''
lt_cv_sys_global_symbol_to_c_name_address_lib_prefix='sed -n -e '\''s/^: \([^ ]*\) $/  {\"\1\", (void *) 0},/p'\'' -e '\''s/^[BCDEGRST]* \([^ ]*\) \(lib[^ ]*\)$/  {"\2", (void *) \&\2},/p'\'' -e '\''s/^[BCDEGRST]* \([^ ]*\) \([^ ]*\)$/  {"lib\2", (void *) \&\2},/p'\'''
lt_cv_sys_global_symbol_to_cdecl='sed -n -e '\''s/^T .* \(.*\)$/extern int \1();/p'\'' -e '\''s/^[BCDEGRST]* .* \(.*\)$/extern char \1;/p'\'''
lt_cv_sys_max_cmd_len=196608
pkg_cv_LIBPNG_CFLAGS=-I/usr/local/Cellar/libpng/1.6.35/include/libpng16
pkg_cv_LIBPNG_LIBS='-L/usr/local/Cellar/libpng/1.6.35/lib -lpng16 -lz'
pkg_cv_SDL_CFLAGS='-D_GNU_SOURCE=1 -D_THREAD_SAFE -I/usr/local/include/SDL'
pkg_cv_SDL_LIBS='-L/usr/local/lib -lSDLmain -lSDL -Wl,-framework,Cocoa'

## ----------------- ##
## Output variables. ##
## ----------------- ##

ACLOCAL='${SHELL} "/Users/Sheena/Desktop/itp final project/SDL_image-1.2.10/missing" --run aclocal-1.11'
AMDEPBACKSLASH='\'
AMDEP_FALSE='#'
AMDEP_TRUE=''
AMTAR='${SHELL} "/Users/Sheena/Desktop/itp final project/SDL_image-1.2.10/missing" --run tar'
AR='ar'
AS='as'
AUTOCONF='${SHELL} "/Users/Sheena/Desktop/itp final project/SDL_image-1.2.10/missing" --run autoconf'
AUTOHEADER='${SHELL} "/Users/Sheena/Desktop/itp final project/SDL_image-1.2.10/missing" --run autoheader'
AUTOMAKE='${SHELL} "/Users/Sheena/Desktop/itp final project/SDL_image-1.2.10/missing" --run automake-1.11'
AWK='awk'
BINARY_AGE='10'
CC='gcc'
CCDEPMODE='depmode=gcc3'
CFLAGS='-I/usr/local/Cellar/libpng/1.6.35/include/libpng16 -g -O2 -D_GNU_SOURCE=1 -D_THREAD_SAFE -I/usr/local/include/SDL'
CPP='gcc -E'
CPPFLAGS=''
CYGPATH_W='echo'
DEFS='-DPACKAGE_NAME=\"\" -DPACKAGE_TARNAME=\"\" -DPACKAGE_VERSION=\"\" -DPACKAGE_STRING=\"\" -DPACKAGE_BUGREPORT=\"\" -DSTDC_HEADERS=1 -DHAVE_SYS_TYPES_H=1 -DHAVE_SYS_STAT_H=1 -DHAVE_STDLIB_H=1 -DHAVE_STRING_H=1 -DHAVE_MEMORY_H=1 -DHAVE_STRINGS_H=1 -DHAVE_INTTYPES_H=1 -DHAVE_STDINT_H=1 -DHAVE_UNISTD_H=1 -DHAVE_DLFCN_H=1 -DLT_OBJDIR=\".libs/\" -DPACKAGE=\"SDL_image\" -DVERSION=\"1.2.10\" -DLOAD_JPG=1 -DLOAD_PNG=1 -DLOAD_TIF=1 -DLOAD_BMP=1 -DLOAD_GIF=1 -DLOAD_LBM=1 -DLOAD_PCX=1 -DLOAD_PNM=1 -DLOAD_TGA=1 -DLOAD_XCF=1 -DLOAD_XPM=1 -DLOAD_XV=1 -DLOAD_TIF_DYNAMIC=\"libtiff.dylib\" -DLOAD_JPG_DYNAMIC=\"libjpeg.dylib\" -DLOAD_PNG_DYNAMIC=\"libpng.dylib\"'
DEPDIR='.deps'
DLLTOOL='dlltool'
DSYMUTIL='dsymutil'
DUMPBIN=''
ECHO_C='\c'
ECHO_N=''
ECHO_T=''
EGREP='/usr/bin/grep -E'
EXEEXT=''
FGREP='/usr/bin/grep -F'
GREP='/usr/bin/grep'
IMG_LIBS='-Wl,-framework,ApplicationServices '
INSTALL_DATA='${INSTALL} -m 644'
INSTALL_PROGRAM='${INSTALL}'
INSTALL_SCRIPT='${INSTALL}'
INSTALL_STRIP_PROGRAM='$(install_sh) -c -s'
INTERFACE_AGE='2'
LD='/Library/Developer/CommandLineTools/usr/bin/ld'
LDFLAGS=''
LIBOBJS=''
LIBPNG_CFLAGS='-I/usr/local/Cellar/libpng/1.6.35/include/libpng16'
LIBPNG_LIBS='-L/usr/local/Cellar/libpng/1.6.35/lib -lpng16 -lz'
LIBS=' -L/usr/local/lib -lSDLmain -lSDL -Wl,-framework,Cocoa'
LIBTOOL='$(SHELL) $(top_builddir)/libtool'
LIPO='lipo'
LN_S='ln -s'
LTLIBOBJS=''
LT_AGE='8'
LT_CURRENT='8'
LT_RELEASE='1.2'
LT_REVISION='2'
MAJOR_VERSION='1'
MAKEINFO='${SHELL} "/Users/Sheena/Desktop/itp final project/SDL_image-1.2.10/missing" --run makeinfo'
MICRO_VERSION='10'
MINOR_VERSION='2'
MKDIR_P='./install-sh -c -d'
NM='/usr/bin/nm -B'
NMEDIT='nmedit'
OBJDUMP='false'
OBJEXT='o'
OTOOL64=':'
OTOOL='otool'
PACKAGE='SDL_image'
PACKAGE_BUGREPORT=''
PACKAGE_NAME=''
PACKAGE_STRING=''
PACKAGE_TARNAME=''
PACKAGE_VERSION=''
PATH_SEPARATOR=':'
PKG_CONFIG='/usr/local/bin/pkg-config'
RANLIB='ranlib'
SDL_CFLAGS='-D_GNU_SOURCE=1 -D_THREAD_SAFE -I/usr/local/include/SDL'
SDL_CONFIG='pkg-config sdl'
SDL_LIBS='-L/usr/local/lib -lSDLmain -lSDL -Wl,-framework,Cocoa'
SDL_VERSION='1.2.10'
SED='/usr/bin/sed'
SET_MAKE=''
SHELL='/bin/sh'
STRIP='strip'
USE_VERSION_RC_FALSE=''
USE_VERSION_RC_TRUE='#'
VERSION='1.2.10'
WINDRES=''
ac_ct_CC='gcc'
ac_ct_DUMPBIN=''
am__EXEEXT_FALSE=''
am__EXEEXT_TRUE='#'
am__fastdepCC_FALSE='#'
am__fastdepCC_TRUE=''
am__include='include'
am__isrc=''
am__leading_dot='.'
am__quote=''
am__tar='${AMTAR} chof - "$$tardir"'
am__untar='${AMTAR} xf -'
bindir='${exec_prefix}/bin'
build='x86_64-apple-darwin15.6.0'
build_alias=''
build_cpu='x86_64'
build_os='darwin15.6.0'
build_vendor='apple'
datadir='${datarootdir}'
datarootdir='${prefix}/share'
docdir='${datarootdir}/doc/${PACKAGE}'
dvidir='${docdir}'
exec_prefix='${prefix}'
host='x86_64-apple-darwin15.6.0'
host_alias=''
host_cpu='x86_64'
host_os='darwin15.6.0'
host_vendor='apple'
htmldir='${docdir}'
includedir='${prefix}/include'
infodir='${datarootdir}/info'
install_sh='${SHELL} '\''/Users/Sheena/Desktop/itp final project/SDL_image-1.2.10/install-sh'\'''
libdir='${exec_prefix}/lib'
libexecdir='${exec_prefix}/libexec'
localedir='${datarootdir}/locale'
localstatedir='${prefix}/var'
lt_ECHO='/bin/echo'
mandir='${datarootdir}/man'
mkdir_p='$(top_builddir)/./install-sh -c -d'
oldincludedir='/usr/include'
pdfdir='${docdir}'
prefix='/usr/local'
program_transform_name='s,x,x,'
psdir='${docdir}'
sbindir='${exec_prefix}/sbin'
sharedstatedir='${prefix}/com'
sysconfdir='${prefix}/etc'
target_alias=''

## ----------- ##
## confdefs.h. ##
## ----------- ##

#define PACKAGE_NAME ""
#define PACKAGE_TARNAME ""
#define PACKAGE_VERSION ""
#define PACKAGE_STRING ""
#define PACKAGE_BUGREPORT ""
#define STDC_HEADERS 1
#define HAVE_SYS_TYPES_H 1
#define HAVE_SYS_STAT_H 1
#define HAVE_STDLIB_H 1
#define HAVE_STRING_H 1
#define HAVE_MEMORY_H 1
#define HAVE_STRINGS_H 1
#define HAVE_INTTYPES_H 1
#define HAVE_STDINT_H 1
#define HAVE_UNISTD_H 1
#define HAVE_DLFCN_H 1
#define LT_OBJDIR ".libs/"
#define PACKAGE "SDL_image"
#define VERSION "1.2.10"
#define LOAD_JPG 1
#define LOAD_PNG 1
#define LOAD_TIF 1
#define LOAD_BMP 1
#define LOAD_GIF 1
#define LOAD_LBM 1
#define LOAD_PCX 1
#define LOAD_PNM 1
#define LOAD_TGA 1
#define LOAD_XCF 1
#define LOAD_XPM 1
#define LOAD_XV 1
#define LOAD_TIF_DYNAMIC "libtiff.dylib"
#define LOAD_JPG_DYNAMIC "libjpeg.dylib"
#define LOAD_PNG_DYNAMIC "libpng.dylib"

configure: exit 0
